{"timestamp":"2013-09-16 09:52:49","message":"www.ethach.com : Exception : Article","data":"Article is a duplicate topic."}
{"timestamp":"2013-09-16 09:53:01","message":"www.ethach.com : Exception : Article (grammar)","data":"Error saving data: Invalid file type"}
{"timestamp":"2013-09-16 09:53:01","message":"www.ethach.com : Exception : Research","data":"Research is a duplicate topic."}
{"timestamp":"2013-09-16 09:53:01","message":"www.ethach.com : Exception : Manuscript","data":"Manuscript is a duplicate topic."}
{"timestamp":"2013-09-16 09:53:01","message":"www.ethach.com : Exception : Encyclopedia","data":"Encyclopedia is a duplicate topic."}
{"timestamp":"2013-09-16 09:53:01","message":"www.ethach.com : Exception : Essay","data":"Essay is a duplicate topic."}
{"timestamp":"2013-09-16 11:22:27","message":"russiasyria.com : Exception : ","data":"Video: Syria rebels unveil cutting-edge homemade tank is a duplicate topic."}
{"timestamp":"2013-09-16 11:22:27","message":"russiasyria.com : Exception : ","data":"President Obama Addresses the Nation on Syria is a duplicate topic."}
{"timestamp":"2013-09-16 11:22:27","message":"russiasyria.com : Exception : ","data":"August 2013 Russia Launches Surprise Military Exercise in Black Sea end times news update is a duplicate topic."}
{"timestamp":"2013-09-16 11:22:27","message":"russiasyria.com : Exception : ","data":"September 2013 Russia said very concerned USA may respond militarily is a duplicate topic."}
{"timestamp":"2013-09-16 11:22:27","message":"russiasyria.com : Exception : ","data":"Assad to RT: 'I'm not Western puppet - I live and die in Syria' (EXCLUSIVE) is a duplicate topic."}
{"timestamp":"2013-09-16 11:22:27","message":"russiasyria.com : Exception : ","data":"Obama Must Go! Russia Warns War Against America \"Use With Nuclear Weapons\" is a duplicate topic."}
{"timestamp":"2013-09-16 11:22:27","message":"russiasyria.com : Exception : ","data":"RUSSIA IS PREPARING FOR ISRAEL US ATTACK AGAINST IRAN via SYRIA is a duplicate topic."}
{"timestamp":"2013-09-16 11:22:27","message":"russiasyria.com : Exception : ","data":"PAKISTAN VS U.S.A ( WW3 ) CHINA RUSSIA IRAN SYRIA AND FINALLY (INDIA) is a duplicate topic."}
{"timestamp":"2013-09-16 11:22:27","message":"russiasyria.com : Exception : ","data":"WW3 Russia,China, Iran Send 90000 Troops to Syria - 12 Warships is a duplicate topic."}
{"timestamp":"2013-09-16 11:22:27","message":"russiasyria.com : Exception : ","data":"TOP SECRET - ( RED-ALERT-WW3) Russia,China, Iran Send 90000 Troops to Syria 12 Warships is a duplicate topic."}
{"timestamp":"2013-09-16 11:22:27","message":"russiasyria.com : Exception : ","data":"United States to Strike Missiles on Syria - U.S. to Strike Syria - Russia's Warning - August 2013 is a duplicate topic."}
{"timestamp":"2013-09-16 11:22:27","message":"russiasyria.com : Exception : ","data":"WW3 Russia China  Iran Send 90000 Troops to Syria   12 Warships is a duplicate topic."}
{"timestamp":"2013-09-16 11:22:27","message":"russiasyria.com : Exception : ","data":"USA v Russia In Syria: Russia Readies 185 Warplanes, 8,700 troops, 250 Armored Vehicles is a duplicate topic."}
{"timestamp":"2013-09-16 11:22:27","message":"russiasyria.com : Exception : ","data":"SYRIA: Russia arms arrive; EGYPT UNREST #2 \/10 Milllion Protesters, Largest ever; 7.4.13 is a duplicate topic."}
{"timestamp":"2013-09-16 11:22:27","message":"russiasyria.com : Exception : ","data":"Russia vs USA Military In Syria: Russian Army Prepares For Victory | Syria War 2013 is a duplicate topic."}
{"timestamp":"2013-09-16 11:22:27","message":"russiasyria.com : Exception : ","data":"BREAKING: \"Russia Warns USA Not To Attack Syria\" is a duplicate topic."}
{"timestamp":"2013-09-16 11:22:27","message":"russiasyria.com : Exception : ","data":"ISRAEL\/US\/UK ready to attack IRAN\/China\/Russia\/Pakistan\/Turkey on WORLD WAR 3 Standby - 1 is a duplicate topic."}
{"timestamp":"2013-09-16 11:22:27","message":"russiasyria.com : Exception : ","data":"World War 3 - Russia (Evacuates Syria) USA - Israel (Golan) Syria - Update -  War Alert - WW3 is a duplicate topic."}
{"timestamp":"2013-09-16 11:22:27","message":"russiasyria.com : Exception : ","data":"Russia condemns Israeli strike on Syria as attack on sovereign state is a duplicate topic."}
{"timestamp":"2013-09-16 11:22:27","message":"russiasyria.com : Exception : ","data":"Syria And Russia Discuss New Weapons Deal In Face Of US-Poli is a duplicate topic."}
{"timestamp":"2013-09-16 11:22:27","message":"russiasyria.com : Exception : ","data":"Obama to Launch War in Syria that starts WW3 is a duplicate topic."}
{"timestamp":"2013-09-16 11:22:27","message":"russiasyria.com : Exception : ","data":"Syria has just received Russia's MOST ADVANCED Anti Ship Missile System TO KILL US SHIPS is a duplicate topic."}
{"timestamp":"2013-09-16 11:22:27","message":"russiasyria.com : Exception : ","data":"WW3: Russia and China Warn of \"Catastrophic Consequences\" in Syria is a duplicate topic."}
{"timestamp":"2013-09-16 11:22:27","message":"russiasyria.com : Exception : ","data":"SYRIA: Russia arms arrive; EGYPT Largest Unrest Ever 10 Million 7.4.13 ftr Kyrgyztan ASIA is a duplicate topic."}
{"timestamp":"2013-09-16 11:22:27","message":"russiasyria.com : Exception : ","data":"August 2013 Israel Spies on Russian Fleet Syrian Coast last days End Times News prophecy Update is a duplicate topic."}
{"timestamp":"2013-09-16 11:22:27","message":"russiasyria.com : Exception : ","data":"September 2013 Breaking News Russia supplies arms to Syria GOVT - Last Days News prophecy Update is a duplicate topic."}
{"timestamp":"2013-09-16 11:22:27","message":"russiasyria.com : Exception : ","data":"Turk Azerbaijan vs Armenia Russia Greece assyria syria is a duplicate topic."}
{"timestamp":"2013-09-16 11:22:27","message":"russiasyria.com : Exception : ","data":"\u0421\u0438\u0440\u0438\u044f \u0432\u0441\u0442\u0440\u0435\u0447\u0430\u0435\u0442 \u0420\u043e\u0441\u0441\u0438\u044e. Syria welcomes Russia is a duplicate topic."}
{"timestamp":"2013-09-16 11:22:27","message":"russiasyria.com : Exception : ","data":"Russia sends ship with weapons to Syria is a duplicate topic."}
{"timestamp":"2013-09-16 11:22:27","message":"russiasyria.com : Exception : ","data":"Video: Huge crowds welcome Russia FM Lavrov in Syria is a duplicate topic."}
{"timestamp":"2013-09-16 11:22:27","message":"russiasyria.com : Exception : ","data":"Russia ready to use military intervention to defend Iran and Syria from Israeli, US and Nato attacks is a duplicate topic."}
{"timestamp":"2013-09-16 11:22:27","message":"russiasyria.com : Exception : ","data":"Syria gets first batch of Russian S-300 missiles - reports is a duplicate topic."}
{"timestamp":"2013-09-16 11:22:27","message":"russiasyria.com : Exception : ","data":"Russia in Syria - Russian Special Forces to fight with Assads Syria against Pentagon funded uprising is a duplicate topic."}
{"timestamp":"2013-09-16 11:22:27","message":"russiasyria.com : Exception : ","data":"Mossad vs Assad? 'CIA death squads behind Syria bloodbath' is a duplicate topic."}
{"timestamp":"2013-09-16 11:22:29","message":"russiasyria.com : Exception : ","data":"Uncategorized is a duplicate topic."}
{"timestamp":"2013-09-16 11:22:29","message":"russiasyria.com : Exception : ","data":"Uncategorized music is a duplicate topic."}
{"timestamp":"2013-09-16 11:22:29","message":"russiasyria.com : Exception : ","data":"Uncategorized is a duplicate topic."}
{"timestamp":"2013-09-16 11:22:29","message":"russiasyria.com : Exception : ","data":"Uncategorized Videos is a duplicate topic."}
{"timestamp":"2013-09-16 11:22:29","message":"russiasyria.com : Exception : ","data":"uncategorized is a duplicate topic."}
{"timestamp":"2013-09-16 11:22:30","message":"russiasyria.com : Exception : ","data":"Uncategorized is a duplicate topic."}
{"timestamp":"2013-09-16 11:22:30","message":"russiasyria.com : Exception : ","data":"uncategorized is a duplicate topic."}
{"timestamp":"2013-09-16 11:22:39","message":"russiasyria.com : Exception : Russia's role in the Syrian civil war","data":"Error saving data: Invalid file type"}
{"timestamp":"2013-09-16 11:23:05","message":"russiasyria.com : Exception : Syrian civil war","data":"Error saving data: Invalid file type"}
{"timestamp":"2013-09-16 11:23:46","message":"russiasyria.com : Exception : Russia\u2013Syria relations","data":"Russia\u2013Syria relations is a duplicate topic."}
{"timestamp":"2013-09-16 11:23:46","message":"russiasyria.com : Exception : US\u2013Russia peace proposal on Syria","data":"US\u2013Russia peace proposal on Syria is a duplicate topic."}
{"timestamp":"2013-09-16 11:23:46","message":"russiasyria.com : Exception : Russia's role in the Syrian civil war","data":"Russia's role in the Syrian civil war is a duplicate topic."}
{"timestamp":"2013-09-16 11:23:46","message":"russiasyria.com : Exception : Syrian civil war","data":"Syrian civil war is a duplicate topic."}
{"timestamp":"2013-09-16 11:23:46","message":"russiasyria.com : Exception : Russian naval facility in Tartus","data":"Russian naval facility in Tartus is a duplicate topic."}
{"timestamp":"2013-09-16 11:23:46","message":"russiasyria.com : Exception : Embassy of Russia in Damascus","data":"Embassy of Russia in Damascus is a duplicate topic."}
{"timestamp":"2013-09-16 11:23:46","message":"russiasyria.com : Exception : International reactions to the Syrian civil war","data":"International reactions to the Syrian civil war is a duplicate topic."}
{"timestamp":"2013-09-16 11:23:46","message":"russiasyria.com : Exception : Syria and weapons of mass destruction","data":"Syria and weapons of mass destruction is a duplicate topic."}
{"timestamp":"2013-09-16 11:23:52","message":"russiasyria.com : Exception : Syria","data":"Syria is a duplicate topic."}
{"timestamp":"2013-09-16 11:24:01","message":"russiasyria.com : Exception : CAT:U","data":"Do not parse redirect articles."}
{"timestamp":"2013-09-16 11:24:02","message":"russiasyria.com : Exception : CAT:UNCATSTUBS","data":"Do not parse redirect articles."}
{"timestamp":"2013-09-16 11:24:03","message":"russiasyria.com : Exception : CAT:UCGA","data":"Do not parse redirect articles."}
{"timestamp":"2013-09-16 11:25:11","message":"russiasyria.com : Exception : ","data":"Video: Syria rebels unveil cutting-edge homemade tank is a duplicate topic."}
{"timestamp":"2013-09-16 11:25:11","message":"russiasyria.com : Exception : ","data":"President Obama Addresses the Nation on Syria is a duplicate topic."}
{"timestamp":"2013-09-16 11:25:11","message":"russiasyria.com : Exception : ","data":"August 2013 Russia Launches Surprise Military Exercise in Black Sea end times news update is a duplicate topic."}
{"timestamp":"2013-09-16 11:25:11","message":"russiasyria.com : Exception : ","data":"September 2013 Russia said very concerned USA may respond militarily is a duplicate topic."}
{"timestamp":"2013-09-16 11:25:11","message":"russiasyria.com : Exception : ","data":"Assad to RT: 'I'm not Western puppet - I live and die in Syria' (EXCLUSIVE) is a duplicate topic."}
{"timestamp":"2013-09-16 11:25:11","message":"russiasyria.com : Exception : ","data":"Obama Must Go! Russia Warns War Against America \"Use With Nuclear Weapons\" is a duplicate topic."}
{"timestamp":"2013-09-16 11:25:11","message":"russiasyria.com : Exception : ","data":"RUSSIA IS PREPARING FOR ISRAEL US ATTACK AGAINST IRAN via SYRIA is a duplicate topic."}
{"timestamp":"2013-09-16 11:25:11","message":"russiasyria.com : Exception : ","data":"PAKISTAN VS U.S.A ( WW3 ) CHINA RUSSIA IRAN SYRIA AND FINALLY (INDIA) is a duplicate topic."}
{"timestamp":"2013-09-16 11:25:11","message":"russiasyria.com : Exception : ","data":"Homs under attack as Russia's Lavrov arrives in Syria is a duplicate topic."}
{"timestamp":"2013-09-16 11:25:11","message":"russiasyria.com : Exception : ","data":"WW3 Russia,China, Iran Send 90000 Troops to Syria - 12 Warships is a duplicate topic."}
{"timestamp":"2013-09-16 11:25:11","message":"russiasyria.com : Exception : ","data":"TOP SECRET - ( RED-ALERT-WW3) Russia,China, Iran Send 90000 Troops to Syria 12 Warships is a duplicate topic."}
{"timestamp":"2013-09-16 11:25:11","message":"russiasyria.com : Exception : ","data":"Putin to (Nobel Prize winner) Obama: 'Think about future Syria victims' (FULL VIDEO) is a duplicate topic."}
{"timestamp":"2013-09-16 11:25:11","message":"russiasyria.com : Exception : ","data":"United States to Strike Missiles on Syria - U.S. to Strike Syria - Russia's Warning - August 2013 is a duplicate topic."}
{"timestamp":"2013-09-16 11:25:11","message":"russiasyria.com : Exception : ","data":"WW3 Russia China  Iran Send 90000 Troops to Syria   12 Warships is a duplicate topic."}
{"timestamp":"2013-09-16 11:25:11","message":"russiasyria.com : Exception : ","data":"USA v Russia In Syria: Russia Readies 185 Warplanes, 8,700 troops, 250 Armored Vehicles is a duplicate topic."}
{"timestamp":"2013-09-16 11:25:11","message":"russiasyria.com : Exception : ","data":"SYRIA: Russia arms arrive; EGYPT UNREST #2 \/10 Milllion Protesters, Largest ever; 7.4.13 is a duplicate topic."}
{"timestamp":"2013-09-16 11:25:11","message":"russiasyria.com : Exception : ","data":"Russia vs USA Military In Syria: Russian Army Prepares For Victory | Syria War 2013 is a duplicate topic."}
{"timestamp":"2013-09-16 11:25:11","message":"russiasyria.com : Exception : ","data":"BREAKING: \"Russia Warns USA Not To Attack Syria\" is a duplicate topic."}
{"timestamp":"2013-09-16 11:25:11","message":"russiasyria.com : Exception : ","data":"ISRAEL\/US\/UK ready to attack IRAN\/China\/Russia\/Pakistan\/Turkey on WORLD WAR 3 Standby - 1 is a duplicate topic."}
{"timestamp":"2013-09-16 11:25:11","message":"russiasyria.com : Exception : ","data":"World War 3 - Russia (Evacuates Syria) USA - Israel (Golan) Syria - Update -  War Alert - WW3 is a duplicate topic."}
{"timestamp":"2013-09-16 11:25:11","message":"russiasyria.com : Exception : ","data":"Russia condemns Israeli strike on Syria as attack on sovereign state is a duplicate topic."}
{"timestamp":"2013-09-16 11:25:11","message":"russiasyria.com : Exception : ","data":"Syria And Russia Discuss New Weapons Deal In Face Of US-Poli is a duplicate topic."}
{"timestamp":"2013-09-16 11:25:11","message":"russiasyria.com : Exception : ","data":"Obama to Launch War in Syria that starts WW3 is a duplicate topic."}
{"timestamp":"2013-09-16 11:25:11","message":"russiasyria.com : Exception : ","data":"Syria has just received Russia's MOST ADVANCED Anti Ship Missile System TO KILL US SHIPS is a duplicate topic."}
{"timestamp":"2013-09-16 11:25:11","message":"russiasyria.com : Exception : ","data":"WW3: Russia and China Warn of \"Catastrophic Consequences\" in Syria is a duplicate topic."}
{"timestamp":"2013-09-16 11:25:11","message":"russiasyria.com : Exception : ","data":"SYRIA: Russia arms arrive; EGYPT Largest Unrest Ever 10 Million 7.4.13 ftr Kyrgyztan ASIA is a duplicate topic."}
{"timestamp":"2013-09-16 11:25:11","message":"russiasyria.com : Exception : ","data":"August 2013 Israel Spies on Russian Fleet Syrian Coast last days End Times News prophecy Update is a duplicate topic."}
{"timestamp":"2013-09-16 11:25:11","message":"russiasyria.com : Exception : ","data":"September 2013 Breaking News Russia supplies arms to Syria GOVT - Last Days News prophecy Update is a duplicate topic."}
{"timestamp":"2013-09-16 11:25:11","message":"russiasyria.com : Exception : ","data":"Turk Azerbaijan vs Armenia Russia Greece assyria syria is a duplicate topic."}
{"timestamp":"2013-09-16 11:25:11","message":"russiasyria.com : Exception : ","data":"\u0421\u0438\u0440\u0438\u044f \u0432\u0441\u0442\u0440\u0435\u0447\u0430\u0435\u0442 \u0420\u043e\u0441\u0441\u0438\u044e. Syria welcomes Russia is a duplicate topic."}
{"timestamp":"2013-09-16 11:25:11","message":"russiasyria.com : Exception : ","data":"Russia sends ship with weapons to Syria is a duplicate topic."}
{"timestamp":"2013-09-16 11:25:11","message":"russiasyria.com : Exception : ","data":"Video: Huge crowds welcome Russia FM Lavrov in Syria is a duplicate topic."}
{"timestamp":"2013-09-16 11:25:11","message":"russiasyria.com : Exception : ","data":"Russia ready to use military intervention to defend Iran and Syria from Israeli, US and Nato attacks is a duplicate topic."}
{"timestamp":"2013-09-16 11:25:11","message":"russiasyria.com : Exception : ","data":"August 2013 Breaking news Netanyahu warns Putin Israel will go 2 war over S-300 missiles to Syria is a duplicate topic."}
{"timestamp":"2013-09-16 11:25:11","message":"russiasyria.com : Exception : ","data":"Syria gets first batch of Russian S-300 missiles - reports is a duplicate topic."}
{"timestamp":"2013-09-16 11:25:11","message":"russiasyria.com : Exception : ","data":"Russia in Syria - Russian Special Forces to fight with Assads Syria against Pentagon funded uprising is a duplicate topic."}
{"timestamp":"2013-09-16 11:25:11","message":"russiasyria.com : Exception : ","data":"Mossad vs Assad? 'CIA death squads behind Syria bloodbath' is a duplicate topic."}
{"timestamp":"2013-09-16 11:25:11","message":"russiasyria.com : Exception : ","data":"WW3: SCO (China, Iran, Russia...) Prepare for War in the Persian Gulf - Friday, June 8, 2012 is a duplicate topic."}
{"timestamp":"2013-09-16 11:25:11","message":"russiasyria.com : Exception : ","data":"We Object! Russia and China veto UN resolution on Syria is a duplicate topic."}
{"timestamp":"2013-09-16 11:25:11","message":"russiasyria.com : Exception : ","data":"RUSSIAN WARSHIPS IN SYRIAN WATERS; Warning to US and WESTERN ALLIES, RUSSIA TO CARRY OUT WAR GAMES is a duplicate topic."}
{"timestamp":"2013-09-16 11:25:11","message":"russiasyria.com : Exception : ","data":"Russia to send S-300 missiles to Syria is a duplicate topic."}
{"timestamp":"2013-09-16 11:25:11","message":"russiasyria.com : Exception : ","data":"'Attack on Iran after Syria falls major goal of the West' is a duplicate topic."}
{"timestamp":"2013-09-16 11:25:11","message":"russiasyria.com : Exception : ","data":"syria's weapons (russia made) \u2122 is a duplicate topic."}
{"timestamp":"2013-09-16 11:25:11","message":"russiasyria.com : Exception : ","data":"Russia Builds Up Naval Presence Off Syria is a duplicate topic."}
{"timestamp":"2013-09-16 11:25:11","message":"russiasyria.com : Exception : ","data":"Video: Syria rebels unveil cutting-edge homemade tank is a duplicate topic."}
{"timestamp":"2013-09-16 11:25:11","message":"russiasyria.com : Exception : ","data":"President Obama Addresses the Nation on Syria is a duplicate topic."}
{"timestamp":"2013-09-16 11:25:11","message":"russiasyria.com : Exception : ","data":"August 2013 Russia Launches Surprise Military Exercise in Black Sea end times news update is a duplicate topic."}
{"timestamp":"2013-09-16 11:25:11","message":"russiasyria.com : Exception : ","data":"September 2013 Russia said very concerned USA may respond militarily is a duplicate topic."}
{"timestamp":"2013-09-16 11:25:11","message":"russiasyria.com : Exception : ","data":"The REAL Reason Israel Attacked Syria is a duplicate topic."}
{"timestamp":"2013-09-16 11:25:11","message":"russiasyria.com : Exception : ","data":"Putin talks NSA, Syria, Iran, drones in exclusive RT interview (FULL VIDEO) is a duplicate topic."}
{"timestamp":"2013-09-16 11:25:11","message":"russiasyria.com : Exception : ","data":"Assad to RT: 'I'm not Western puppet - I live and die in Syria' (EXCLUSIVE) is a duplicate topic."}
{"timestamp":"2013-09-16 11:25:11","message":"russiasyria.com : Exception : ","data":"Obama Must Go! Russia Warns War Against America \"Use With Nuclear Weapons\" is a duplicate topic."}
{"timestamp":"2013-09-16 11:25:11","message":"russiasyria.com : Exception : ","data":"RUSSIA IS PREPARING FOR ISRAEL US ATTACK AGAINST IRAN via SYRIA is a duplicate topic."}
{"timestamp":"2013-09-16 11:25:11","message":"russiasyria.com : Exception : ","data":"PAKISTAN VS U.S.A ( WW3 ) CHINA RUSSIA IRAN SYRIA AND FINALLY (INDIA) is a duplicate topic."}
{"timestamp":"2013-09-16 11:25:11","message":"russiasyria.com : Exception : ","data":"URGENT: U.S Green Light For Attack On Syria and World War 3 is a duplicate topic."}
{"timestamp":"2013-09-16 11:25:11","message":"russiasyria.com : Exception : ","data":"WW3 Russia,China, Iran Send 90000 Troops to Syria - 12 Warships is a duplicate topic."}
{"timestamp":"2013-09-16 11:25:11","message":"russiasyria.com : Exception : ","data":"TOP SECRET - ( RED-ALERT-WW3) Russia,China, Iran Send 90000 Troops to Syria 12 Warships is a duplicate topic."}
{"timestamp":"2013-09-16 11:25:11","message":"russiasyria.com : Exception : ","data":"Russia warns US against military strike on Iran is a duplicate topic."}
{"timestamp":"2013-09-16 11:25:11","message":"russiasyria.com : Exception : ","data":"United States to Strike Missiles on Syria - U.S. to Strike Syria - Russia's Warning - August 2013 is a duplicate topic."}
{"timestamp":"2013-09-16 11:25:11","message":"russiasyria.com : Exception : ","data":"WW3 Russia China  Iran Send 90000 Troops to Syria   12 Warships is a duplicate topic."}
{"timestamp":"2013-09-16 11:25:11","message":"russiasyria.com : Exception : ","data":"USA v Russia In Syria: Russia Readies 185 Warplanes, 8,700 troops, 250 Armored Vehicles is a duplicate topic."}
{"timestamp":"2013-09-16 11:25:11","message":"russiasyria.com : Exception : ","data":"SYRIA: Russia arms arrive; EGYPT UNREST #2 \/10 Milllion Protesters, Largest ever; 7.4.13 is a duplicate topic."}
{"timestamp":"2013-09-16 11:25:11","message":"russiasyria.com : Exception : ","data":"Russia vs USA Military In Syria: Russian Army Prepares For Victory | Syria War 2013 is a duplicate topic."}
{"timestamp":"2013-09-16 11:25:11","message":"russiasyria.com : Exception : ","data":"BREAKING: \"Russia Warns USA Not To Attack Syria\" is a duplicate topic."}
{"timestamp":"2013-09-16 11:25:11","message":"russiasyria.com : Exception : ","data":"ISRAEL\/US\/UK ready to attack IRAN\/China\/Russia\/Pakistan\/Turkey on WORLD WAR 3 Standby - 1 is a duplicate topic."}
{"timestamp":"2013-09-16 11:25:11","message":"russiasyria.com : Exception : ","data":"Syria, Russia's arms! Yak-130. \u041e\u0440\u0443\u0436\u0438\u0435 \u0420\u041e\u0421\u0421\u0418\u0418! \u042f\u043a-130 is a duplicate topic."}
{"timestamp":"2013-09-16 11:25:11","message":"russiasyria.com : Exception : ","data":"World War 3 - Russia (Evacuates Syria) USA - Israel (Golan) Syria - Update -  War Alert - WW3 is a duplicate topic."}
{"timestamp":"2013-09-16 11:25:11","message":"russiasyria.com : Exception : ","data":"Russia condemns Israeli strike on Syria as attack on sovereign state is a duplicate topic."}
{"timestamp":"2013-09-16 11:25:11","message":"russiasyria.com : Exception : ","data":"Syria And Russia Discuss New Weapons Deal In Face Of US-Poli is a duplicate topic."}
{"timestamp":"2013-09-16 11:25:11","message":"russiasyria.com : Exception : ","data":"Obama to Launch War in Syria that starts WW3 is a duplicate topic."}
{"timestamp":"2013-09-16 11:25:11","message":"russiasyria.com : Exception : ","data":"Syria has just received Russia's MOST ADVANCED Anti Ship Missile System TO KILL US SHIPS is a duplicate topic."}
{"timestamp":"2013-09-16 11:25:11","message":"russiasyria.com : Exception : ","data":"WW3: Russia and China Warn of \"Catastrophic Consequences\" in Syria is a duplicate topic."}
{"timestamp":"2013-09-16 11:25:11","message":"russiasyria.com : Exception : ","data":"SYRIA: Russia arms arrive; EGYPT Largest Unrest Ever 10 Million 7.4.13 ftr Kyrgyztan ASIA is a duplicate topic."}
{"timestamp":"2013-09-16 11:25:11","message":"russiasyria.com : Exception : ","data":"August 2013 Israel Spies on Russian Fleet Syrian Coast last days End Times News prophecy Update is a duplicate topic."}
{"timestamp":"2013-09-16 11:25:11","message":"russiasyria.com : Exception : ","data":"September 2013 Breaking News Russia supplies arms to Syria GOVT - Last Days News prophecy Update is a duplicate topic."}
{"timestamp":"2013-09-16 11:25:11","message":"russiasyria.com : Exception : ","data":"Turk Azerbaijan vs Armenia Russia Greece assyria syria is a duplicate topic."}
{"timestamp":"2013-09-16 11:25:11","message":"russiasyria.com : Exception : ","data":"\u0421\u0438\u0440\u0438\u044f \u0432\u0441\u0442\u0440\u0435\u0447\u0430\u0435\u0442 \u0420\u043e\u0441\u0441\u0438\u044e. Syria welcomes Russia is a duplicate topic."}
{"timestamp":"2013-09-16 11:25:11","message":"russiasyria.com : Exception : ","data":"Russia sends ship with weapons to Syria is a duplicate topic."}
{"timestamp":"2013-09-16 11:25:11","message":"russiasyria.com : Exception : ","data":"Video: Huge crowds welcome Russia FM Lavrov in Syria is a duplicate topic."}
{"timestamp":"2013-09-16 11:25:11","message":"russiasyria.com : Exception : ","data":"Russia ready to use military intervention to defend Iran and Syria from Israeli, US and Nato attacks is a duplicate topic."}
{"timestamp":"2013-09-16 11:25:11","message":"russiasyria.com : Exception : ","data":"Syria gets first batch of Russian S-300 missiles - reports is a duplicate topic."}
{"timestamp":"2013-09-16 11:25:11","message":"russiasyria.com : Exception : ","data":"Russia in Syria - Russian Special Forces to fight with Assads Syria against Pentagon funded uprising is a duplicate topic."}
{"timestamp":"2013-09-16 11:25:11","message":"russiasyria.com : Exception : ","data":"Mossad vs Assad? 'CIA death squads behind Syria bloodbath' is a duplicate topic."}
{"timestamp":"2013-09-16 11:25:11","message":"russiasyria.com : Exception : ","data":"WW3: SCO (China, Iran, Russia...) Prepare for War in the Persian Gulf - Friday, June 8, 2012 is a duplicate topic."}
{"timestamp":"2013-09-16 11:25:11","message":"russiasyria.com : Exception : ","data":"We Object! Russia and China veto UN resolution on Syria is a duplicate topic."}
{"timestamp":"2013-09-16 11:25:11","message":"russiasyria.com : Exception : ","data":"RUSSIAN WARSHIPS IN SYRIAN WATERS; Warning to US and WESTERN ALLIES, RUSSIA TO CARRY OUT WAR GAMES is a duplicate topic."}
{"timestamp":"2013-09-16 11:25:11","message":"russiasyria.com : Exception : ","data":"SYRIA: McCain Guarantees Russia, China and Iran Will Not Act is a duplicate topic."}
{"timestamp":"2013-09-16 11:25:11","message":"russiasyria.com : Exception : ","data":"Russia to send S-300 missiles to Syria is a duplicate topic."}
{"timestamp":"2013-09-16 11:25:11","message":"russiasyria.com : Exception : ","data":"'Turkey one step away from Syria war' is a duplicate topic."}
{"timestamp":"2013-09-16 11:25:11","message":"russiasyria.com : Exception : ","data":"'Attack on Iran after Syria falls major goal of the West' is a duplicate topic."}
{"timestamp":"2013-09-16 11:25:11","message":"russiasyria.com : Exception : ","data":"syria's weapons (russia made) \u2122 is a duplicate topic."}
{"timestamp":"2013-09-16 11:25:11","message":"russiasyria.com : Exception : ","data":"Russia Builds Up Naval Presence Off Syria is a duplicate topic."}
{"timestamp":"2013-09-16 11:25:11","message":"russiasyria.com : Exception : ","data":"Guild Wars 2 - Uncategorized Fractal is a duplicate topic."}
{"timestamp":"2013-09-16 11:25:11","message":"russiasyria.com : Exception : ","data":"Uncategorized piece of clothing is a duplicate topic."}
{"timestamp":"2013-09-16 11:25:11","message":"russiasyria.com : Exception : ","data":"Guild Wars 2 - Fractals of the Mists - Uncategorized (lvl 1) is a duplicate topic."}
{"timestamp":"2013-09-16 11:25:11","message":"russiasyria.com : Exception : ","data":"Guild Wars 2 Uncategorized Fractal Guide is a duplicate topic."}
{"timestamp":"2013-09-16 11:25:11","message":"russiasyria.com : Exception : ","data":"Guild Wars 2: How to do Fractals of the Mist - Uncategorized Fractal is a duplicate topic."}
{"timestamp":"2013-09-16 11:25:11","message":"russiasyria.com : Exception : ","data":"\u2605 Guild Wars 2 \u2605 - Group Dungeon - Uncategorized Fractal is a duplicate topic."}
{"timestamp":"2013-09-16 11:25:11","message":"russiasyria.com : Exception : ","data":"Uncategorized Jutsu in Ninja Saga (Jurus Berak)_Recorded By Reksa.avi is a duplicate topic."}
{"timestamp":"2013-09-16 11:25:11","message":"russiasyria.com : Exception : ","data":"Uncategorized Music is a duplicate topic."}
{"timestamp":"2013-09-16 11:25:11","message":"russiasyria.com : Exception : ","data":"uncategorized is a duplicate topic."}
{"timestamp":"2013-09-16 11:25:11","message":"russiasyria.com : Exception : ","data":"uncategorized fractal solo - Guild Wars 2 is a duplicate topic."}
{"timestamp":"2013-09-16 11:25:11","message":"russiasyria.com : Exception : ","data":"Uncategorized is a duplicate topic."}
{"timestamp":"2013-09-16 11:25:11","message":"russiasyria.com : Exception : ","data":"Joomla!\u2122 1.5: Creating and Uncategorized Article and Menu Items is a duplicate topic."}
{"timestamp":"2013-09-16 11:25:11","message":"russiasyria.com : Exception : ","data":"Severance - Blade of Darkness Uncategorized Music is a duplicate topic."}
{"timestamp":"2013-09-16 11:25:11","message":"russiasyria.com : Exception : ","data":"Guild Wars 2 - Uncategorized fractal variation - difficulty scale: 20 is a duplicate topic."}
{"timestamp":"2013-09-16 11:25:11","message":"russiasyria.com : Exception : ","data":"Uncategorized videos is a duplicate topic."}
{"timestamp":"2013-09-16 11:25:11","message":"russiasyria.com : Exception : ","data":"Uncategorized music is a duplicate topic."}
{"timestamp":"2013-09-16 11:25:11","message":"russiasyria.com : Exception : ","data":"Removing \"Uncategorized\" or \"No Categories\" is a duplicate topic."}
{"timestamp":"2013-09-16 11:25:11","message":"russiasyria.com : Exception : ","data":"[boring\/GW2] Uncategorized Harpy Fractal Shortcut is a duplicate topic."}
{"timestamp":"2013-09-16 11:25:11","message":"russiasyria.com : Exception : ","data":"Uncategorized is a duplicate topic."}
{"timestamp":"2013-09-16 11:25:11","message":"russiasyria.com : Exception : ","data":"What's your favorite area of Portland to ride your bike? is a duplicate topic."}
{"timestamp":"2013-09-16 11:25:11","message":"russiasyria.com : Exception : ","data":"GW2 FotM - Uncategorized Fractal - Escape the Holding Area Champ Room - Guardian Guide (Shown at 48) is a duplicate topic."}
{"timestamp":"2013-09-16 11:25:11","message":"russiasyria.com : Exception : ","data":"Introduction to Psytrance: Uncategorized is a duplicate topic."}
{"timestamp":"2013-09-16 11:25:11","message":"russiasyria.com : Exception : ","data":"GW2 FotM - Uncategorized Fractal - Harpy Events - Guardian Guide (Shown at 48) is a duplicate topic."}
{"timestamp":"2013-09-16 11:25:11","message":"russiasyria.com : Exception : ","data":"Uncategorized Fractal Walkthrough Part 2 - Guild Wars 2 is a duplicate topic."}
{"timestamp":"2013-09-16 11:25:11","message":"russiasyria.com : Exception : ","data":"GW2 FotM - Uncategorized Fractal - Old Tom - Guardian Guide (Shown at 48) is a duplicate topic."}
{"timestamp":"2013-09-16 11:25:11","message":"russiasyria.com : Exception : ","data":"Uncategorized Fractal with 4members - Fractals of the Mists (Fotm) is a duplicate topic."}
{"timestamp":"2013-09-16 11:25:11","message":"russiasyria.com : Exception : ","data":"Other\/Uncategorized is a duplicate topic."}
{"timestamp":"2013-09-16 11:25:11","message":"russiasyria.com : Exception : ","data":"Chillout\/Reggae\/Uncategorized 2 is a duplicate topic."}
{"timestamp":"2013-09-16 11:25:11","message":"russiasyria.com : Exception : ","data":"Uncategorized Videos is a duplicate topic."}
{"timestamp":"2013-09-16 11:25:11","message":"russiasyria.com : Exception : ","data":"[FOTM] Uncategorized Fractal - Old tom is a duplicate topic."}
{"timestamp":"2013-09-16 11:25:11","message":"russiasyria.com : Exception : ","data":"Chillout\/Reggae\/Uncategorized is a duplicate topic."}
{"timestamp":"2013-09-16 11:25:11","message":"russiasyria.com : Exception : ","data":"Linerider | Uncategorized | JZor is a duplicate topic."}
{"timestamp":"2013-09-16 11:25:11","message":"russiasyria.com : Exception : ","data":"uncategorized is a duplicate topic."}
{"timestamp":"2013-09-16 11:25:11","message":"russiasyria.com : Exception : ","data":"Be careful with the Uncategorized Category\/How to remove bulk items from Uncategorized is a duplicate topic."}
{"timestamp":"2013-09-16 11:25:11","message":"russiasyria.com : Exception : ","data":"Katy Perry - The One That Got Away (Uncategorized Cover) is a duplicate topic."}
{"timestamp":"2013-09-16 11:25:11","message":"russiasyria.com : Exception : ","data":"Blackout - Resiko Orang Cantik (Uncategorized Cover) is a duplicate topic."}
{"timestamp":"2013-09-16 11:25:11","message":"russiasyria.com : Exception : ","data":"Gigi - My Facebook (Uncategorized Cover) is a duplicate topic."}
{"timestamp":"2013-09-16 11:25:11","message":"russiasyria.com : Exception : ","data":"uncategorized part 1 is a duplicate topic."}
{"timestamp":"2013-09-16 11:25:11","message":"russiasyria.com : Exception : ","data":"Uncategorized is a duplicate topic."}
{"timestamp":"2013-09-16 11:25:11","message":"russiasyria.com : Exception : ","data":"Fractals of the Mist - Uncategorized Fractal - Quick Guide is a duplicate topic."}
{"timestamp":"2013-09-16 11:25:11","message":"russiasyria.com : Exception : ","data":"uncategorized 003 is a duplicate topic."}
{"timestamp":"2013-09-16 11:25:11","message":"russiasyria.com : Exception : ","data":"Line Rider | Uncategorized II | JZorr is a duplicate topic."}
{"timestamp":"2013-09-16 11:25:11","message":"russiasyria.com : Exception : ","data":"Ten 2 Five - Happy Birthday (Uncategorized Cover) is a duplicate topic."}
{"timestamp":"2013-09-16 11:25:11","message":"russiasyria.com : Exception : ","data":"iliteu is a duplicate topic."}
{"timestamp":"2013-09-16 11:25:11","message":"russiasyria.com : Exception : ","data":"Sandhy Sandoro - Malam Biru (Uncategorized Cover) is a duplicate topic."}
{"timestamp":"2013-09-16 11:25:11","message":"russiasyria.com : Exception : ","data":"Guild Wars 2  50 level  Full Uncategorized Fractal - Raving Asura is a duplicate topic."}
{"timestamp":"2013-09-16 11:25:11","message":"russiasyria.com : Exception : ","data":"Outright How To: Categorizing an Uncategorized Transaction is a duplicate topic."}
{"timestamp":"2013-09-16 11:25:11","message":"russiasyria.com : Exception : ","data":"uncategorized is a duplicate topic."}
{"timestamp":"2013-09-16 11:25:11","message":"russiasyria.com : Exception : ","data":"Guild Wars 2 - Uncategorized Fractal Stabilizer is a duplicate topic."}
